<?xml version="1.0" encoding="UTF-8"?>
<!-- Generated by org.testng.reporters.JUnitReportReporter -->
<testsuite skipped="0" hostname="FIRATs-MPro-Retina.local" name="tests.WorkshopPageTest" tests="3" failures="0" timestamp="2020-09-29T01:11:57 EDT" time="8.341" errors="0">
  <testcase name="workshopPage1" time="2.387" classname="tests.WorkshopPageTest"/>
  <system-out/>
  <testcase name="workshopPage2" time="4.365" classname="tests.WorkshopPageTest"/>
  <system-out/>
  <testcase name="workshopPage3" time="1.589" classname="tests.WorkshopPageTest"/>
  <system-out/>
</testsuite> <!-- tests.WorkshopPageTest -->
