<?xml version="1.0" encoding="UTF-8"?>
<!-- Generated by org.testng.reporters.JUnitReportReporter -->
<testsuite skipped="0" hostname="FIRATs-MPro-Retina.local" name="tests.LocationPageTest" tests="2" failures="0" timestamp="2020-09-29T01:11:29 EDT" time="1.543" errors="0">
  <testcase name="location1" time="1.469" classname="tests.LocationPageTest"/>
  <system-out/>
  <testcase name="location2" time="0.074" classname="tests.LocationPageTest"/>
  <system-out/>
</testsuite> <!-- tests.LocationPageTest -->
