<?xml version="1.0" encoding="UTF-8"?>
<!-- Generated by org.testng.reporters.JUnitReportReporter -->
<testsuite skipped="0" hostname="FIRATs-MPro-Retina.local" name="tests.TestCase1" tests="1" failures="0" timestamp="2020-09-28T18:55:37 EDT" time="0.822" errors="0">
  <testcase name="test1" time="0.822" classname="tests.TestCase1"/>
  <system-out/>
</testsuite> <!-- tests.TestCase1 -->
