<?xml version="1.0" encoding="UTF-8"?>
<!-- Generated by org.testng.reporters.JUnitReportReporter -->
<testsuite skipped="0" hostname="FIRATs-MPro-Retina.local" name="tests.HomePageTest" tests="1" failures="0" timestamp="2020-09-29T01:10:47 EDT" time="3.698" errors="0">
  <testcase name="homePage1" time="3.698" classname="tests.HomePageTest"/>
  <system-out/>
</testsuite> <!-- tests.HomePageTest -->
