<?xml version="1.0" encoding="UTF-8"?>
<!-- Generated by org.testng.reporters.JUnitReportReporter -->
<testsuite skipped="0" hostname="FIRATs-MPro-Retina.local" name="tests.TestCase" tests="6" failures="0" timestamp="2020-09-29T01:09:58 EDT" time="7.703" errors="0">
  <testcase name="homePage1" time="1.187" classname="tests.TestCase"/>
  <system-out/>
  <testcase name="workshopPage1" time="2.346" classname="tests.TestCase"/>
  <system-out/>
  <testcase name="workshopPage2" time="2.242" classname="tests.TestCase"/>
  <system-out/>
  <testcase name="workshop3" time="1.803" classname="tests.TestCase"/>
  <system-out/>
  <testcase name="location1" time="0.065" classname="tests.TestCase"/>
  <system-out/>
  <testcase name="location2" time="0.060" classname="tests.TestCase"/>
  <system-out/>
</testsuite> <!-- tests.TestCase -->
